# JRE version: Java(TM) SE Runtime Environment (8.0_66-b18) (build 1.8.0_66-b18)
# Java VM: Java HotSpot(TM) 64-Bit Server VM (25.66-b18 mixed mode windows-amd64 compressed oops)
Heap:
 PSYoungGen      total 101376K, used 61945K [0x00000000f5580000, 0x00000000fb980000, 0x0000000100000000)
  eden space 100864K, 61% used [0x00000000f5580000,0x00000000f91fe798,0x00000000fb800000)
  from space 512K, 0% used [0x00000000fb900000,0x00000000fb900000,0x00000000fb980000)
  to   space 512K, 0% used [0x00000000fb880000,0x00000000fb880000,0x00000000fb900000)
 ParOldGen       total 179712K, used 75682K [0x00000000e0000000, 0x00000000eaf80000, 0x00000000f5580000)
  object space 179712K, 42% used [0x00000000e0000000,0x00000000e49e89f8,0x00000000eaf80000)
 Metaspace       used 103814K, capacity 111936K, committed 112152K, reserved 1146880K
  class space    used 12034K, capacity 14514K, committed 14632K, reserved 1048576K
GC Heap History (10 events):
Event: 14987.759 GC heap before
{Heap before GC invocations=605 (full 247):
 PSYoungGen      total 101376K, used 192K [0x00000000f5580000, 0x00000000fb980000, 0x0000000100000000)
  eden space 100864K, 0% used [0x00000000f5580000,0x00000000f5580000,0x00000000fb800000)
  from space 512K, 37% used [0x00000000fb900000,0x00000000fb930000,0x00000000fb980000)
  to   space 512K, 0% used [0x00000000fb880000,0x00000000fb880000,0x00000000fb900000)
 ParOldGen       total 179712K, used 75618K [0x00000000e0000000, 0x00000000eaf80000, 0x00000000f5580000)
  object space 179712K, 42% used [0x00000000e0000000,0x00000000e49d8930,0x00000000eaf80000)
 Metaspace       used 103006K, capacity 111018K, committed 111384K, reserved 1146880K
  class space    used 11935K, capacity 14255K, committed 14376K, reserved 1048576K
Event: 14987.950 GC heap after
Heap after GC invocations=605 (full 247):
 PSYoungGen      total 101376K, used 0K [0x00000000f5580000, 0x00000000fb980000, 0x0000000100000000)
  eden space 100864K, 0% used [0x00000000f5580000,0x00000000f5580000,0x00000000fb800000)
  from space 512K, 0% used [0x00000000fb900000,0x00000000fb900000,0x00000000fb980000)
  to   space 512K, 0% used [0x00000000fb880000,0x00000000fb880000,0x00000000fb900000)
 ParOldGen       total 179712K, used 75618K [0x00000000e0000000, 0x00000000eaf80000, 0x00000000f5580000)
  object space 179712K, 42% used [0x00000000e0000000,0x00000000e49d8930,0x00000000eaf80000)
 Metaspace       used 103006K, capacity 111018K, committed 111384K, reserved 1146880K
  class space    used 11935K, capacity 14255K, committed 14376K, reserved 1048576K
}
Event: 15047.768 GC heap before
{Heap before GC invocations=606 (full 247):
 PSYoungGen      total 101376K, used 7643K [0x00000000f5580000, 0x00000000fb980000, 0x0000000100000000)
  eden space 100864K, 7% used [0x00000000f5580000,0x00000000f5cf6f48,0x00000000fb800000)
  from space 512K, 0% used [0x00000000fb900000,0x00000000fb900000,0x00000000fb980000)
  to   space 512K, 0% used [0x00000000fb880000,0x00000000fb880000,0x00000000fb900000)
 ParOldGen       total 179712K, used 75618K [0x00000000e0000000, 0x00000000eaf80000, 0x00000000f5580000)
  object space 179712K, 42% used [0x00000000e0000000,0x00000000e49d8930,0x00000000eaf80000)
 Metaspace       used 103007K, capacity 111018K, committed 111384K, reserved 1146880K
  class space    used 11935K, capacity 14255K, committed 14376K, reserved 1048576K
Event: 15047.779 GC heap after
Heap after GC invocations=606 (full 247):
 PSYoungGen      total 101376K, used 416K [0x00000000f5580000, 0x00000000fb980000, 0x0000000100000000)
  eden space 100864K, 0% used [0x00000000f5580000,0x00000000f5580000,0x00000000fb800000)
  from space 512K, 81% used [0x00000000fb880000,0x00000000fb8e8000,0x00000000fb900000)
  to   space 512K, 0% used [0x00000000fb900000,0x00000000fb900000,0x00000000fb980000)
 ParOldGen       total 179712K, used 75618K [0x00000000e0000000, 0x00000000eaf80000, 0x00000000f5580000)
  object space 179712K, 42% used [0x00000000e0000000,0x00000000e49d8930,0x00000000eaf80000)
 Metaspace       used 103007K, capacity 111018K, committed 111384K, reserved 1146880K
  class space    used 11935K, capacity 14255K, committed 14376K, reserved 1048576K
}
Event: 15047.780 GC heap before
{Heap before GC invocations=607 (full 248):
 PSYoungGen      total 101376K, used 416K [0x00000000f5580000, 0x00000000fb980000, 0x0000000100000000)
  eden space 100864K, 0% used [0x00000000f5580000,0x00000000f5580000,0x00000000fb800000)
  from space 512K, 81% used [0x00000000fb880000,0x00000000fb8e8000,0x00000000fb900000)
  to   space 512K, 0% used [0x00000000fb900000,0x00000000fb900000,0x00000000fb980000)
 ParOldGen       total 179712K, used 75618K [0x00000000e0000000, 0x00000000eaf80000, 0x00000000f5580000)
  object space 179712K, 42% used [0x00000000e0000000,0x00000000e49d8930,0x00000000eaf80000)
 Metaspace       used 103007K, capacity 111018K, committed 111384K, reserved 1146880K
  class space    used 11935K, capacity 14255K, committed 14376K, reserved 1048576K
Event: 15048.107 GC heap after
Heap after GC invocations=607 (full 248):
 PSYoungGen      total 101376K, used 0K [0x00000000f5580000, 0x00000000fb980000, 0x0000000100000000)
  eden space 100864K, 0% used [0x00000000f5580000,0x00000000f5580000,0x00000000fb800000)
  from space 512K, 0% used [0x00000000fb880000,0x00000000fb880000,0x00000000fb900000)
  to   space 512K, 0% used [0x00000000fb900000,0x00000000fb900000,0x00000000fb980000)
 ParOldGen       total 179712K, used 75766K [0x00000000e0000000, 0x00000000eaf80000, 0x00000000f5580000)
  object space 179712K, 42% used [0x00000000e0000000,0x00000000e49fda08,0x00000000eaf80000)
 Metaspace       used 103007K, capacity 111018K, committed 111384K, reserved 1146880K
  class space    used 11935K, capacity 14255K, committed 14376K, reserved 1048576K
}
Event: 15107.771 GC heap before
{Heap before GC invocations=608 (full 248):
 PSYoungGen      total 101376K, used 2324K [0x00000000f5580000, 0x00000000fb980000, 0x0000000100000000)
  eden space 100864K, 2% used [0x00000000f5580000,0x00000000f57c5030,0x00000000fb800000)
  from space 512K, 0% used [0x00000000fb880000,0x00000000fb880000,0x00000000fb900000)
  to   space 512K, 0% used [0x00000000fb900000,0x00000000fb900000,0x00000000fb980000)
 ParOldGen       total 179712K, used 75766K [0x00000000e0000000, 0x00000000eaf80000, 0x00000000f5580000)
  object space 179712K, 42% used [0x00000000e0000000,0x00000000e49fda08,0x00000000eaf80000)
 Metaspace       used 103007K, capacity 111018K, committed 111384K, reserved 1146880K
  class space    used 11935K, capacity 14255K, committed 14376K, reserved 1048576K
Event: 15107.778 GC heap after
Heap after GC invocations=608 (full 248):
 PSYoungGen      total 101376K, used 256K [0x00000000f5580000, 0x00000000fb980000, 0x0000000100000000)
  eden space 100864K, 0% used [0x00000000f5580000,0x00000000f5580000,0x00000000fb800000)
  from space 512K, 50% used [0x00000000fb900000,0x00000000fb940000,0x00000000fb980000)
  to   space 512K, 0% used [0x00000000fb880000,0x00000000fb880000,0x00000000fb900000)
 ParOldGen       total 179712K, used 75766K [0x00000000e0000000, 0x00000000eaf80000, 0x00000000f5580000)
  object space 179712K, 42% used [0x00000000e0000000,0x00000000e49fda08,0x00000000eaf80000)
 Metaspace       used 103007K, capacity 111018K, committed 111384K, reserved 1146880K
  class space    used 11935K, capacity 14255K, committed 14376K, reserved 1048576K
}
Event: 15107.778 GC heap before
{Heap before GC invocations=609 (full 249):
 PSYoungGen      total 101376K, used 256K [0x00000000f5580000, 0x00000000fb980000, 0x0000000100000000)
  eden space 100864K, 0% used [0x00000000f5580000,0x00000000f5580000,0x00000000fb800000)
  from space 512K, 50% used [0x00000000fb900000,0x00000000fb940000,0x00000000fb980000)
  to   space 512K, 0% used [0x00000000fb880000,0x00000000fb880000,0x00000000fb900000)
 ParOldGen       total 179712K, used 75766K [0x00000000e0000000, 0x00000000eaf80000, 0x00000000f5580000)
  object space 179712K, 42% used [0x00000000e0000000,0x00000000e49fda08,0x00000000eaf80000)
 Metaspace       used 103007K, capacity 111018K, committed 111384K, reserved 1146880K
  class space    used 11935K, capacity 14255K, committed 14376K, reserved 1048576K
Event: 15108.027 GC heap after
Heap after GC invocations=609 (full 249):
 PSYoungGen      total 101376K, used 0K [0x00000000f5580000, 0x00000000fb980000, 0x0000000100000000)
  eden space 100864K, 0% used [0x00000000f5580000,0x00000000f5580000,0x00000000fb800000)
  from space 512K, 0% used [0x00000000fb900000,0x00000000fb900000,0x00000000fb980000)
  to   space 512K, 0% used [0x00000000fb880000,0x00000000fb880000,0x00000000fb900000)
 ParOldGen       total 179712K, used 75682K [0x00000000e0000000, 0x00000000eaf80000, 0x00000000f5580000)
  object space 179712K, 42% used [0x00000000e0000000,0x00000000e49e89f8,0x00000000eaf80000)
 Metaspace       used 103007K, capacity 111018K, committed 111384K, reserved 1146880K
  class space    used 11935K, capacity 14255K, committed 14376K, reserved 1048576K
}

