# JRE version: Java(TM) SE Runtime Environment (8.0_66-b18) (build 1.8.0_66-b18)
# Java VM: Java HotSpot(TM) 64-Bit Server VM (25.66-b18 mixed mode windows-amd64 compressed oops)
Heap:
 PSYoungGen      total 58368K, used 25661K [0x00000007bc400000, 0x00000007c0000000, 0x00000007c0000000)
  eden space 55808K, 41% used [0x00000007bc400000,0x00000007bda8f740,0x00000007bfa80000)
  from space 2560K, 100% used [0x00000007bfb00000,0x00000007bfd80000,0x00000007bfd80000)
  to   space 2560K, 0% used [0x00000007bfd80000,0x00000007bfd80000,0x00000007c0000000)
 ParOldGen       total 372224K, used 253127K [0x0000000700000000, 0x0000000716b80000, 0x00000007bc400000)
  object space 372224K, 68% used [0x0000000700000000,0x000000070f731d60,0x0000000716b80000)
 Metaspace       used 79990K, capacity 80813K, committed 81280K, reserved 1118208K
  class space    used 11670K, capacity 11831K, committed 11904K, reserved 1048576K
GC Heap History (10 events):
Event: 18158.741 GC heap before
{Heap before GC invocations=565 (full 31):
 PSYoungGen      total 59392K, used 58528K [0x00000007bc400000, 0x00000007c0000000, 0x00000007c0000000)
  eden space 57344K, 100% used [0x00000007bc400000,0x00000007bfc00000,0x00000007bfc00000)
  from space 2048K, 57% used [0x00000007bfc00000,0x00000007bfd28000,0x00000007bfe00000)
  to   space 2048K, 0% used [0x00000007bfe00000,0x00000007bfe00000,0x00000007c0000000)
 ParOldGen       total 372224K, used 246402K [0x0000000700000000, 0x0000000716b80000, 0x00000007bc400000)
  object space 372224K, 66% used [0x0000000700000000,0x000000070f0a0998,0x0000000716b80000)
 Metaspace       used 79961K, capacity 80807K, committed 81280K, reserved 1118208K
  class space    used 11669K, capacity 11830K, committed 11904K, reserved 1048576K
Event: 18158.747 GC heap after
Heap after GC invocations=565 (full 31):
 PSYoungGen      total 59904K, used 1256K [0x00000007bc400000, 0x00000007c0000000, 0x00000007c0000000)
  eden space 57856K, 0% used [0x00000007bc400000,0x00000007bc400000,0x00000007bfc80000)
  from space 2048K, 61% used [0x00000007bfe00000,0x00000007bff3a298,0x00000007c0000000)
  to   space 1536K, 0% used [0x00000007bfc80000,0x00000007bfc80000,0x00000007bfe00000)
 ParOldGen       total 372224K, used 246402K [0x0000000700000000, 0x0000000716b80000, 0x00000007bc400000)
  object space 372224K, 66% used [0x0000000700000000,0x000000070f0a0998,0x0000000716b80000)
 Metaspace       used 79961K, capacity 80807K, committed 81280K, reserved 1118208K
  class space    used 11669K, capacity 11830K, committed 11904K, reserved 1048576K
}
Event: 18168.864 GC heap before
{Heap before GC invocations=566 (full 31):
 PSYoungGen      total 59904K, used 59112K [0x00000007bc400000, 0x00000007c0000000, 0x00000007c0000000)
  eden space 57856K, 100% used [0x00000007bc400000,0x00000007bfc80000,0x00000007bfc80000)
  from space 2048K, 61% used [0x00000007bfe00000,0x00000007bff3a298,0x00000007c0000000)
  to   space 1536K, 0% used [0x00000007bfc80000,0x00000007bfc80000,0x00000007bfe00000)
 ParOldGen       total 372224K, used 246402K [0x0000000700000000, 0x0000000716b80000, 0x00000007bc400000)
  object space 372224K, 66% used [0x0000000700000000,0x000000070f0a0998,0x0000000716b80000)
 Metaspace       used 79979K, capacity 80807K, committed 81280K, reserved 1118208K
  class space    used 11669K, capacity 11830K, committed 11904K, reserved 1048576K
Event: 18168.875 GC heap after
Heap after GC invocations=566 (full 31):
 PSYoungGen      total 59392K, used 1516K [0x00000007bc400000, 0x00000007c0000000, 0x00000007c0000000)
  eden space 57856K, 0% used [0x00000007bc400000,0x00000007bc400000,0x00000007bfc80000)
  from space 1536K, 98% used [0x00000007bfc80000,0x00000007bfdfb2b0,0x00000007bfe00000)
  to   space 2048K, 0% used [0x00000007bfe00000,0x00000007bfe00000,0x00000007c0000000)
 ParOldGen       total 372224K, used 247348K [0x0000000700000000, 0x0000000716b80000, 0x00000007bc400000)
  object space 372224K, 66% used [0x0000000700000000,0x000000070f18d328,0x0000000716b80000)
 Metaspace       used 79979K, capacity 80807K, committed 81280K, reserved 1118208K
  class space    used 11669K, capacity 11830K, committed 11904K, reserved 1048576K
}
Event: 18288.909 GC heap before
{Heap before GC invocations=567 (full 31):
 PSYoungGen      total 59392K, used 43652K [0x00000007bc400000, 0x00000007c0000000, 0x00000007c0000000)
  eden space 57856K, 72% used [0x00000007bc400000,0x00000007bed25f18,0x00000007bfc80000)
  from space 1536K, 98% used [0x00000007bfc80000,0x00000007bfdfb2b0,0x00000007bfe00000)
  to   space 2048K, 0% used [0x00000007bfe00000,0x00000007bfe00000,0x00000007c0000000)
 ParOldGen       total 372224K, used 247348K [0x0000000700000000, 0x0000000716b80000, 0x00000007bc400000)
  object space 372224K, 66% used [0x0000000700000000,0x000000070f18d328,0x0000000716b80000)
 Metaspace       used 79984K, capacity 80807K, committed 81280K, reserved 1118208K
  class space    used 11669K, capacity 11830K, committed 11904K, reserved 1048576K
Event: 18288.918 GC heap after
Heap after GC invocations=567 (full 31):
 PSYoungGen      total 58368K, used 2021K [0x00000007bc400000, 0x00000007c0000000, 0x00000007c0000000)
  eden space 56320K, 0% used [0x00000007bc400000,0x00000007bc400000,0x00000007bfb00000)
  from space 2048K, 98% used [0x00000007bfe00000,0x00000007bfff9670,0x00000007c0000000)
  to   space 2560K, 0% used [0x00000007bfb00000,0x00000007bfb00000,0x00000007bfd80000)
 ParOldGen       total 372224K, used 248404K [0x0000000700000000, 0x0000000716b80000, 0x00000007bc400000)
  object space 372224K, 66% used [0x0000000700000000,0x000000070f295068,0x0000000716b80000)
 Metaspace       used 79984K, capacity 80807K, committed 81280K, reserved 1118208K
  class space    used 11669K, capacity 11830K, committed 11904K, reserved 1048576K
}
Event: 18288.918 GC heap before
{Heap before GC invocations=568 (full 32):
 PSYoungGen      total 58368K, used 2021K [0x00000007bc400000, 0x00000007c0000000, 0x00000007c0000000)
  eden space 56320K, 0% used [0x00000007bc400000,0x00000007bc400000,0x00000007bfb00000)
  from space 2048K, 98% used [0x00000007bfe00000,0x00000007bfff9670,0x00000007c0000000)
  to   space 2560K, 0% used [0x00000007bfb00000,0x00000007bfb00000,0x00000007bfd80000)
 ParOldGen       total 372224K, used 248404K [0x0000000700000000, 0x0000000716b80000, 0x00000007bc400000)
  object space 372224K, 66% used [0x0000000700000000,0x000000070f295068,0x0000000716b80000)
 Metaspace       used 79984K, capacity 80807K, committed 81280K, reserved 1118208K
  class space    used 11669K, capacity 11830K, committed 11904K, reserved 1048576K
Event: 18290.143 GC heap after
Heap after GC invocations=568 (full 32):
 PSYoungGen      total 58368K, used 0K [0x00000007bc400000, 0x00000007c0000000, 0x00000007c0000000)
  eden space 56320K, 0% used [0x00000007bc400000,0x00000007bc400000,0x00000007bfb00000)
  from space 2048K, 0% used [0x00000007bfe00000,0x00000007bfe00000,0x00000007c0000000)
  to   space 2560K, 0% used [0x00000007bfb00000,0x00000007bfb00000,0x00000007bfd80000)
 ParOldGen       total 372224K, used 246656K [0x0000000700000000, 0x0000000716b80000, 0x00000007bc400000)
  object space 372224K, 66% used [0x0000000700000000,0x000000070f0e03e8,0x0000000716b80000)
 Metaspace       used 79984K, capacity 80807K, committed 81280K, reserved 1118208K
  class space    used 11669K, capacity 11830K, committed 11904K, reserved 1048576K
}
Event: 18291.068 GC heap before
{Heap before GC invocations=569 (full 32):
 PSYoungGen      total 58368K, used 56320K [0x00000007bc400000, 0x00000007c0000000, 0x00000007c0000000)
  eden space 56320K, 100% used [0x00000007bc400000,0x00000007bfb00000,0x00000007bfb00000)
  from space 2048K, 0% used [0x00000007bfe00000,0x00000007bfe00000,0x00000007c0000000)
  to   space 2560K, 0% used [0x00000007bfb00000,0x00000007bfb00000,0x00000007bfd80000)
 ParOldGen       total 372224K, used 246656K [0x0000000700000000, 0x0000000716b80000, 0x00000007bc400000)
  object space 372224K, 66% used [0x0000000700000000,0x000000070f0e03e8,0x0000000716b80000)
 Metaspace       used 79988K, capacity 80813K, committed 81280K, reserved 1118208K
  class space    used 11670K, capacity 11831K, committed 11904K, reserved 1048576K
Event: 18291.091 GC heap after
Heap after GC invocations=569 (full 32):
 PSYoungGen      total 58368K, used 2560K [0x00000007bc400000, 0x00000007c0000000, 0x00000007c0000000)
  eden space 55808K, 0% used [0x00000007bc400000,0x00000007bc400000,0x00000007bfa80000)
  from space 2560K, 100% used [0x00000007bfb00000,0x00000007bfd80000,0x00000007bfd80000)
  to   space 2560K, 0% used [0x00000007bfd80000,0x00000007bfd80000,0x00000007c0000000)
 ParOldGen       total 372224K, used 253127K [0x0000000700000000, 0x0000000716b80000, 0x00000007bc400000)
  object space 372224K, 68% used [0x0000000700000000,0x000000070f731d60,0x0000000716b80000)
 Metaspace       used 79988K, capacity 80813K, committed 81280K, reserved 1118208K
  class space    used 11670K, capacity 11831K, committed 11904K, reserved 1048576K
}

